<?xml version="1.0" encoding="UTF-8"?>
<!-- Generated by org.testng.reporters.JUnitReportReporter -->
<testsuite hostname="LAPTOP-0AP94ACM" failures="0" tests="3" name="com.trello.qspiders.learntestng.AnnotationOrder" time="0.038" errors="0" timestamp="2023-03-28T12:47:15 IST" skipped="0">
  <testcase classname="com.trello.qspiders.learntestng.AnnotationOrder" name="uploadProfilePic" time="0.023"/>
  <system-out/>
  <testcase classname="com.trello.qspiders.learntestng.AnnotationOrder" name="sendFriendrequest" time="0.007"/>
  <system-out/>
  <testcase classname="com.trello.qspiders.learntestng.AnnotationOrder" name="acceptFriendRequest" time="0.008"/>
  <system-out/>
</testsuite> <!-- com.trello.qspiders.learntestng.AnnotationOrder -->
