<?xml version="1.0" encoding="UTF-8"?>
<!-- Generated by org.testng.reporters.JUnitReportReporter -->
<testsuite hostname="LAPTOP-0AP94ACM" failures="0" tests="1" name="com.trello.qspiders.learntestng.UsageOfBeforeAndAfterMethod" time="23.204" errors="0" timestamp="2023-03-23T19:23:27 IST" skipped="0">
  <testcase classname="com.trello.qspiders.learntestng.UsageOfBeforeAndAfterMethod" name="login" time="23.204"/>
  <system-out/>
</testsuite> <!-- com.trello.qspiders.learntestng.UsageOfBeforeAndAfterMethod -->
