<?xml version="1.0" encoding="UTF-8"?>
<!-- Generated by org.testng.reporters.JUnitReportReporter -->
<testsuite hostname="LAPTOP-0AP94ACM" failures="0" tests="1" name="com.actitime.testscript.UserIcon" time="14.223" errors="0" timestamp="2023-06-28T00:07:59 IST" skipped="0">
  <testcase classname="com.actitime.testscript.UserIcon" name="UserIcon" time="14.223"/>
  <system-out/>
</testsuite> <!-- com.actitime.testscript.UserIcon -->
