<?xml version="1.0" encoding="UTF-8"?>
<!-- Generated by org.testng.reporters.JUnitReportReporter -->
<testsuite hostname="LAPTOP-0AP94ACM" failures="0" tests="9" name="com.trello.qspiders.learntestng.UsageOfInvocationCount" time="0.045" errors="0" timestamp="2023-03-23T19:05:01 IST" skipped="0">
  <testcase classname="com.trello.qspiders.learntestng.UsageOfInvocationCount" name="ladakh" time="0.020"/>
  <system-out/>
  <testcase classname="com.trello.qspiders.learntestng.UsageOfInvocationCount" name="karakoram" time="0.003"/>
  <system-out/>
  <testcase classname="com.trello.qspiders.learntestng.UsageOfInvocationCount" name="zaskar" time="0.003"/>
  <system-out/>
  <testcase classname="com.trello.qspiders.learntestng.UsageOfInvocationCount" name="zaskar" time="0.003"/>
  <system-out/>
  <testcase classname="com.trello.qspiders.learntestng.UsageOfInvocationCount" name="pirpanjal" time="0.005"/>
  <system-out/>
  <testcase classname="com.trello.qspiders.learntestng.UsageOfInvocationCount" name="pirpanjal" time="0.002"/>
  <system-out/>
  <testcase classname="com.trello.qspiders.learntestng.UsageOfInvocationCount" name="pirpanjal" time="0.005"/>
  <system-out/>
  <testcase classname="com.trello.qspiders.learntestng.UsageOfInvocationCount" name="kailash" time="0.002"/>
  <system-out/>
  <testcase classname="com.trello.qspiders.learntestng.UsageOfInvocationCount" name="siwaliks" time="0.002"/>
  <system-out/>
</testsuite> <!-- com.trello.qspiders.learntestng.UsageOfInvocationCount -->
