<?xml version="1.0" encoding="UTF-8"?>
<!-- Generated by org.testng.reporters.JUnitReportReporter -->
<testsuite hostname="LAPTOP-0AP94ACM" failures="0" tests="3" name="com.trello.qspiders.learntestng.GroupA" time="0.037" errors="0" timestamp="2023-03-28T12:58:17 IST" skipped="0">
  <testcase classname="com.trello.qspiders.learntestng.GroupA" name="nameB" time="0.006"/>
  <system-out/>
  <testcase classname="com.trello.qspiders.learntestng.GroupA" name="nameC" time="0.006"/>
  <system-out/>
  <testcase classname="com.trello.qspiders.learntestng.GroupA" name="nameA" time="0.025"/>
  <system-out/>
</testsuite> <!-- com.trello.qspiders.learntestng.GroupA -->
