<?xml version="1.0" encoding="UTF-8"?>
<!-- Generated by org.testng.reporters.JUnitReportReporter -->
<testsuite hostname="LAPTOP-0AP94ACM" failures="0" tests="8" name="com.trello.qspiders.learntestng.UsageOfEnabled" time="0.039" errors="0" timestamp="2023-03-23T19:07:30 IST" skipped="1">
  <testcase classname="com.trello.qspiders.learntestng.UsageOfEnabled" name="ladakh" time="0.022"/>
  <system-out/>
  <testcase classname="com.trello.qspiders.learntestng.UsageOfEnabled" name="karakoram" time="0.002"/>
  <system-out/>
  <testcase classname="com.trello.qspiders.learntestng.UsageOfEnabled" name="pirpanjal" time="0.004"/>
  <system-out/>
  <testcase classname="com.trello.qspiders.learntestng.UsageOfEnabled" name="pirpanjal" time="0.003"/>
  <system-out/>
  <testcase classname="com.trello.qspiders.learntestng.UsageOfEnabled" name="pirpanjal" time="0.003"/>
  <system-out/>
  <testcase classname="com.trello.qspiders.learntestng.UsageOfEnabled" name="kailash" time="0.002"/>
  <system-out/>
  <testcase classname="com.trello.qspiders.learntestng.UsageOfEnabled" name="siwaliks" time="0.003"/>
  <system-out/>
  <testcase classname="com.trello.qspiders.learntestng.UsageOfEnabled" name="zaskar">
    <skipped/>
  </testcase> <!-- zaskar -->
  <system-out/>
</testsuite> <!-- com.trello.qspiders.learntestng.UsageOfEnabled -->
