<?xml version="1.0" encoding="UTF-8"?>
<!-- Generated by org.testng.reporters.JUnitReportReporter -->
<testsuite hostname="LAPTOP-0AP94ACM" failures="0" tests="3" name="com.trello.qspiders.learntestng.GroupC" time="0.011" errors="0" timestamp="2023-03-28T12:49:56 IST" skipped="0">
  <testcase classname="com.trello.qspiders.learntestng.GroupC" name="nameG" time="0.002"/>
  <system-out/>
  <testcase classname="com.trello.qspiders.learntestng.GroupC" name="nameH" time="0.004"/>
  <system-out/>
  <testcase classname="com.trello.qspiders.learntestng.GroupC" name="nameI" time="0.005"/>
  <system-out/>
</testsuite> <!-- com.trello.qspiders.learntestng.GroupC -->
