<?xml version="1.0" encoding="UTF-8"?>
<!-- Generated by org.testng.reporters.JUnitReportReporter -->
<testsuite hostname="LAPTOP-0AP94ACM" failures="0" tests="6" name="com.trello.qspiders.learntestng.UsageOfPriority" time="0.038" errors="0" timestamp="2023-03-23T19:02:42 IST" skipped="0">
  <testcase classname="com.trello.qspiders.learntestng.UsageOfPriority" name="ladakh" time="0.020"/>
  <system-out/>
  <testcase classname="com.trello.qspiders.learntestng.UsageOfPriority" name="karakoram" time="0.003"/>
  <system-out/>
  <testcase classname="com.trello.qspiders.learntestng.UsageOfPriority" name="zaskar" time="0.004"/>
  <system-out/>
  <testcase classname="com.trello.qspiders.learntestng.UsageOfPriority" name="pirpanjal" time="0.003"/>
  <system-out/>
  <testcase classname="com.trello.qspiders.learntestng.UsageOfPriority" name="kailash" time="0.004"/>
  <system-out/>
  <testcase classname="com.trello.qspiders.learntestng.UsageOfPriority" name="siwaliks" time="0.004"/>
  <system-out/>
</testsuite> <!-- com.trello.qspiders.learntestng.UsageOfPriority -->
