<?xml version="1.0" encoding="UTF-8"?>
<!-- Generated by org.testng.reporters.JUnitReportReporter -->
<testsuite hostname="LAPTOP-0AP94ACM" failures="0" tests="2" name="com.trello.qspiders.learntestng.UsageOfTestAnnotation" time="0.032" errors="0" timestamp="2023-03-23T18:57:06 IST" skipped="0">
  <testcase classname="com.trello.qspiders.learntestng.UsageOfTestAnnotation" name="pirpanjal" time="0.026"/>
  <system-out/>
  <testcase classname="com.trello.qspiders.learntestng.UsageOfTestAnnotation" name="karakoram" time="0.006"/>
  <system-out/>
</testsuite> <!-- com.trello.qspiders.learntestng.UsageOfTestAnnotation -->
