<?xml version="1.0" encoding="UTF-8"?>
<!-- Generated by org.testng.reporters.JUnitReportReporter -->
<testsuite hostname="LAPTOP-0AP94ACM" failures="0" tests="1" name="com.trello.qspiders.learntestng.UsageOfBeforeMethod" time="21.455" errors="0" timestamp="2023-03-23T19:17:04 IST" skipped="0">
  <testcase classname="com.trello.qspiders.learntestng.UsageOfBeforeMethod" name="login" time="21.455"/>
  <system-out/>
</testsuite> <!-- com.trello.qspiders.learntestng.UsageOfBeforeMethod -->
