<?xml version="1.0" encoding="UTF-8"?>
<!-- Generated by org.testng.reporters.JUnitReportReporter -->
<testsuite hostname="LAPTOP-0AP94ACM" failures="0" tests="1" name="com.actitime.pom.LoginDriver" time="14.005" errors="0" timestamp="2023-06-29T19:38:00 IST" skipped="0">
  <testcase classname="com.actitime.pom.LoginDriver" name="login" time="14.005"/>
  <system-out/>
</testsuite> <!-- com.actitime.pom.LoginDriver -->
