<?xml version="1.0" encoding="UTF-8"?>
<!-- Generated by org.testng.reporters.JUnitReportReporter -->
<testsuite hostname="LAPTOP-0AP94ACM" failures="0" tests="3" name="com.trello.qspiders.learntestng.GroupB" time="0.013" errors="0" timestamp="2023-03-28T12:58:17 IST" skipped="0">
  <testcase classname="com.trello.qspiders.learntestng.GroupB" name="nameD" time="0.004"/>
  <system-out/>
  <testcase classname="com.trello.qspiders.learntestng.GroupB" name="nameF" time="0.003"/>
  <system-out/>
  <testcase classname="com.trello.qspiders.learntestng.GroupB" name="nameE" time="0.006"/>
  <system-out/>
</testsuite> <!-- com.trello.qspiders.learntestng.GroupB -->
